The system is: Linux - 2.6.31-gentoo-r6 - i686
Compiling the C compiler identification source file "CMakeCCompilerId.c" succeeded.
Compiler: /usr/bin/gcc 
Build flags: 
Id flags: 

The output was:
0


Compilation of the C compiler identification source "CMakeCCompilerId.c" produced "a.out"

The C compiler identification is GNU, found in "/home/tamino/Dokumente/Projekte/Informatik/C++/vjasssdk/wc3lib/lib/wave/qtcreator-build/CMakeFiles/CompilerIdC/a.out"

Compiling the CXX compiler identification source file "CMakeCXXCompilerId.cpp" succeeded.
Compiler: /usr/bin/c++ 
Build flags: 
Id flags: 

The output was:
0
CMakeCXXCompilerId.cpp:76: Warnung: veraltete Konvertierung von Zeichenkettenkonstante in »char*«
CMakeCXXCompilerId.cpp:189: Warnung: veraltete Konvertierung von Zeichenkettenkonstante in »char*«
CMakeCXXCompilerId.cpp:190: Warnung: veraltete Konvertierung von Zeichenkettenkonstante in »char*«


Compilation of the CXX compiler identification source "CMakeCXXCompilerId.cpp" produced "a.out"

The CXX compiler identification is GNU, found in "/home/tamino/Dokumente/Projekte/Informatik/C++/vjasssdk/wc3lib/lib/wave/qtcreator-build/CMakeFiles/CompilerIdCXX/a.out"

Determining if the C compiler works passed with the following output:
Change Dir: /home/tamino/Dokumente/Projekte/Informatik/C++/vjasssdk/wc3lib/lib/wave/qtcreator-build/CMakeFiles/CMakeTmp

Run Build Command:/usr/bin/gmake "cmTryCompileExec/fast"
/usr/bin/gmake -f CMakeFiles/cmTryCompileExec.dir/build.make CMakeFiles/cmTryCompileExec.dir/build
gmake[1]: Entering directory `/home/tamino/Dokumente/Projekte/Informatik/C++/vjasssdk/wc3lib/lib/wave/qtcreator-build/CMakeFiles/CMakeTmp'
/usr/bin/cmake -E cmake_progress_report /home/tamino/Dokumente/Projekte/Informatik/C++/vjasssdk/wc3lib/lib/wave/qtcreator-build/CMakeFiles/CMakeTmp/CMakeFiles 1
Building C object CMakeFiles/cmTryCompileExec.dir/testCCompiler.c.o
/usr/bin/gcc    -o CMakeFiles/cmTryCompileExec.dir/testCCompiler.c.o   -c /home/tamino/Dokumente/Projekte/Informatik/C++/vjasssdk/wc3lib/lib/wave/qtcreator-build/CMakeFiles/CMakeTmp/testCCompiler.c
Linking C executable cmTryCompileExec
/usr/bin/cmake -E cmake_link_script CMakeFiles/cmTryCompileExec.dir/link.txt --verbose=1
/usr/bin/gcc        CMakeFiles/cmTryCompileExec.dir/testCCompiler.c.o  -o cmTryCompileExec -rdynamic 
gmake[1]: Leaving directory `/home/tamino/Dokumente/Projekte/Informatik/C++/vjasssdk/wc3lib/lib/wave/qtcreator-build/CMakeFiles/CMakeTmp'


Detecting C compiler ABI info compiled with the following output:
Change Dir: /home/tamino/Dokumente/Projekte/Informatik/C++/vjasssdk/wc3lib/lib/wave/qtcreator-build/CMakeFiles/CMakeTmp

Run Build Command:/usr/bin/gmake "cmTryCompileExec/fast"
/usr/bin/gmake -f CMakeFiles/cmTryCompileExec.dir/build.make CMakeFiles/cmTryCompileExec.dir/build
gmake[1]: Entering directory `/home/tamino/Dokumente/Projekte/Informatik/C++/vjasssdk/wc3lib/lib/wave/qtcreator-build/CMakeFiles/CMakeTmp'
/usr/bin/cmake -E cmake_progress_report /home/tamino/Dokumente/Projekte/Informatik/C++/vjasssdk/wc3lib/lib/wave/qtcreator-build/CMakeFiles/CMakeTmp/CMakeFiles 1
Building C object CMakeFiles/cmTryCompileExec.dir/CMakeCCompilerABI.c.o
/usr/bin/gcc    -o CMakeFiles/cmTryCompileExec.dir/CMakeCCompilerABI.c.o   -c /usr/share/cmake/Modules/CMakeCCompilerABI.c
Linking C executable cmTryCompileExec
/usr/bin/cmake -E cmake_link_script CMakeFiles/cmTryCompileExec.dir/link.txt --verbose=1
/usr/bin/gcc       -v CMakeFiles/cmTryCompileExec.dir/CMakeCCompilerABI.c.o  -o cmTryCompileExec -rdynamic  
Es werden eingebaute Spezifikationen verwendet.
Ziel: i686-pc-linux-gnu
Konfiguriert mit: /var/tmp/portage/sys-devel/gcc-4.3.4/work/gcc-4.3.4/configure --prefix=/usr --bindir=/usr/i686-pc-linux-gnu/gcc-bin/4.3.4 --includedir=/usr/lib/gcc/i686-pc-linux-gnu/4.3.4/include --datadir=/usr/share/gcc-data/i686-pc-linux-gnu/4.3.4 --mandir=/usr/share/gcc-data/i686-pc-linux-gnu/4.3.4/man --infodir=/usr/share/gcc-data/i686-pc-linux-gnu/4.3.4/info --with-gxx-include-dir=/usr/lib/gcc/i686-pc-linux-gnu/4.3.4/include/g++-v4 --host=i686-pc-linux-gnu --build=i686-pc-linux-gnu --disable-altivec --disable-fixed-point --enable-nls --without-included-gettext --with-system-zlib --disable-checking --disable-werror --enable-secureplt --disable-multilib --enable-libmudflap --disable-libssp --enable-libgomp --enable-java-awt=gtk --with-arch=i686 --enable-languages=c,c++,java,treelang,fortran --enable-shared --enable-threads=posix --enable-__cxa_atexit --enable-clocale=gnu --with-bugurl=http://bugs.gentoo.org/ --with-pkgversion='Gentoo 4.3.4 p1.0, pie-10.1.5'
Thread-Modell: posix
gcc-Version 4.3.4 (Gentoo 4.3.4 p1.0, pie-10.1.5) 
COMPILER_PATH=/usr/libexec/gcc/i686-pc-linux-gnu/4.3.4/:/usr/libexec/gcc/i686-pc-linux-gnu/4.3.4/:/usr/libexec/gcc/i686-pc-linux-gnu/:/usr/lib/gcc/i686-pc-linux-gnu/4.3.4/:/usr/lib/gcc/i686-pc-linux-gnu/:/usr/libexec/gcc/i686-pc-linux-gnu/4.3.4/:/usr/libexec/gcc/i686-pc-linux-gnu/:/usr/lib/gcc/i686-pc-linux-gnu/4.3.4/:/usr/lib/gcc/i686-pc-linux-gnu/:/usr/lib/gcc/i686-pc-linux-gnu/4.3.4/../../../../i686-pc-linux-gnu/bin/
LIBRARY_PATH=/usr/lib/gcc/i686-pc-linux-gnu/4.3.4/:/usr/lib/gcc/i686-pc-linux-gnu/4.3.4/:/usr/lib/gcc/i686-pc-linux-gnu/4.3.4/../../../../i686-pc-linux-gnu/lib/:/usr/lib/gcc/i686-pc-linux-gnu/4.3.4/../../../:/lib/:/usr/lib/
COLLECT_GCC_OPTIONS='-v' '-o' 'cmTryCompileExec' '-rdynamic' '-mtune=generic' '-march=i686'
 /usr/libexec/gcc/i686-pc-linux-gnu/4.3.4/collect2 --eh-frame-hdr -m elf_i386 -export-dynamic -dynamic-linker /lib/ld-linux.so.2 -o cmTryCompileExec /usr/lib/gcc/i686-pc-linux-gnu/4.3.4/../../../crt1.o /usr/lib/gcc/i686-pc-linux-gnu/4.3.4/../../../crti.o /usr/lib/gcc/i686-pc-linux-gnu/4.3.4/crtbegin.o -L/usr/lib/gcc/i686-pc-linux-gnu/4.3.4 -L/usr/lib/gcc/i686-pc-linux-gnu/4.3.4 -L/usr/lib/gcc/i686-pc-linux-gnu/4.3.4/../../../../i686-pc-linux-gnu/lib -L/usr/lib/gcc/i686-pc-linux-gnu/4.3.4/../../.. CMakeFiles/cmTryCompileExec.dir/CMakeCCompilerABI.c.o -lgcc --as-needed -lgcc_s --no-as-needed -lc -lgcc --as-needed -lgcc_s --no-as-needed /usr/lib/gcc/i686-pc-linux-gnu/4.3.4/crtend.o /usr/lib/gcc/i686-pc-linux-gnu/4.3.4/../../../crtn.o
gmake[1]: Leaving directory `/home/tamino/Dokumente/Projekte/Informatik/C++/vjasssdk/wc3lib/lib/wave/qtcreator-build/CMakeFiles/CMakeTmp'


Parsed C implicit link information from above output:
  link line regex: [^( *|.*[/\])(ld|ld|collect2)[^/\]*( |$)]
  ignore line: [Change Dir: /home/tamino/Dokumente/Projekte/Informatik/C++/vjasssdk/wc3lib/lib/wave/qtcreator-build/CMakeFiles/CMakeTmp]
  ignore line: []
  ignore line: [Run Build Command:/usr/bin/gmake "cmTryCompileExec/fast"]
  ignore line: [/usr/bin/gmake -f CMakeFiles/cmTryCompileExec.dir/build.make CMakeFiles/cmTryCompileExec.dir/build]
  ignore line: [gmake[1]: Entering directory `/home/tamino/Dokumente/Projekte/Informatik/C++/vjasssdk/wc3lib/lib/wave/qtcreator-build/CMakeFiles/CMakeTmp']
  ignore line: [/usr/bin/cmake -E cmake_progress_report /home/tamino/Dokumente/Projekte/Informatik/C++/vjasssdk/wc3lib/lib/wave/qtcreator-build/CMakeFiles/CMakeTmp/CMakeFiles 1]
  ignore line: [Building C object CMakeFiles/cmTryCompileExec.dir/CMakeCCompilerABI.c.o]
  ignore line: [/usr/bin/gcc    -o CMakeFiles/cmTryCompileExec.dir/CMakeCCompilerABI.c.o   -c /usr/share/cmake/Modules/CMakeCCompilerABI.c]
  ignore line: [Linking C executable cmTryCompileExec]
  ignore line: [/usr/bin/cmake -E cmake_link_script CMakeFiles/cmTryCompileExec.dir/link.txt --verbose=1]
  ignore line: [/usr/bin/gcc       -v CMakeFiles/cmTryCompileExec.dir/CMakeCCompilerABI.c.o  -o cmTryCompileExec -rdynamic  ]
  ignore line: [Es werden eingebaute Spezifikationen verwendet.]
  ignore line: [Ziel: i686-pc-linux-gnu]
  ignore line: [Konfiguriert mit: /var/tmp/portage/sys-devel/gcc-4.3.4/work/gcc-4.3.4/configure --prefix=/usr --bindir=/usr/i686-pc-linux-gnu/gcc-bin/4.3.4 --includedir=/usr/lib/gcc/i686-pc-linux-gnu/4.3.4/include --datadir=/usr/share/gcc-data/i686-pc-linux-gnu/4.3.4 --mandir=/usr/share/gcc-data/i686-pc-linux-gnu/4.3.4/man --infodir=/usr/share/gcc-data/i686-pc-linux-gnu/4.3.4/info --with-gxx-include-dir=/usr/lib/gcc/i686-pc-linux-gnu/4.3.4/include/g++-v4 --host=i686-pc-linux-gnu --build=i686-pc-linux-gnu --disable-altivec --disable-fixed-point --enable-nls --without-included-gettext --with-system-zlib --disable-checking --disable-werror --enable-secureplt --disable-multilib --enable-libmudflap --disable-libssp --enable-libgomp --enable-java-awt=gtk --with-arch=i686 --enable-languages=c,c++,java,treelang,fortran --enable-shared --enable-threads=posix --enable-__cxa_atexit --enable-clocale=gnu --with-bugurl=http://bugs.gentoo.org/ --with-pkgversion='Gentoo 4.3.4 p1.0, pie-10.1.5']
  ignore line: [Thread-Modell: posix]
  ignore line: [gcc-Version 4.3.4 (Gentoo 4.3.4 p1.0, pie-10.1.5) ]
  ignore line: [COMPILER_PATH=/usr/libexec/gcc/i686-pc-linux-gnu/4.3.4/:/usr/libexec/gcc/i686-pc-linux-gnu/4.3.4/:/usr/libexec/gcc/i686-pc-linux-gnu/:/usr/lib/gcc/i686-pc-linux-gnu/4.3.4/:/usr/lib/gcc/i686-pc-linux-gnu/:/usr/libexec/gcc/i686-pc-linux-gnu/4.3.4/:/usr/libexec/gcc/i686-pc-linux-gnu/:/usr/lib/gcc/i686-pc-linux-gnu/4.3.4/:/usr/lib/gcc/i686-pc-linux-gnu/:/usr/lib/gcc/i686-pc-linux-gnu/4.3.4/../../../../i686-pc-linux-gnu/bin/]
  ignore line: [LIBRARY_PATH=/usr/lib/gcc/i686-pc-linux-gnu/4.3.4/:/usr/lib/gcc/i686-pc-linux-gnu/4.3.4/:/usr/lib/gcc/i686-pc-linux-gnu/4.3.4/../../../../i686-pc-linux-gnu/lib/:/usr/lib/gcc/i686-pc-linux-gnu/4.3.4/../../../:/lib/:/usr/lib/]
  ignore line: [COLLECT_GCC_OPTIONS='-v' '-o' 'cmTryCompileExec' '-rdynamic' '-mtune=generic' '-march=i686']
  link line: [ /usr/libexec/gcc/i686-pc-linux-gnu/4.3.4/collect2 --eh-frame-hdr -m elf_i386 -export-dynamic -dynamic-linker /lib/ld-linux.so.2 -o cmTryCompileExec /usr/lib/gcc/i686-pc-linux-gnu/4.3.4/../../../crt1.o /usr/lib/gcc/i686-pc-linux-gnu/4.3.4/../../../crti.o /usr/lib/gcc/i686-pc-linux-gnu/4.3.4/crtbegin.o -L/usr/lib/gcc/i686-pc-linux-gnu/4.3.4 -L/usr/lib/gcc/i686-pc-linux-gnu/4.3.4 -L/usr/lib/gcc/i686-pc-linux-gnu/4.3.4/../../../../i686-pc-linux-gnu/lib -L/usr/lib/gcc/i686-pc-linux-gnu/4.3.4/../../.. CMakeFiles/cmTryCompileExec.dir/CMakeCCompilerABI.c.o -lgcc --as-needed -lgcc_s --no-as-needed -lc -lgcc --as-needed -lgcc_s --no-as-needed /usr/lib/gcc/i686-pc-linux-gnu/4.3.4/crtend.o /usr/lib/gcc/i686-pc-linux-gnu/4.3.4/../../../crtn.o]
    arg [/usr/libexec/gcc/i686-pc-linux-gnu/4.3.4/collect2] ==> ignore
    arg [--eh-frame-hdr] ==> ignore
    arg [-m] ==> ignore
    arg [elf_i386] ==> ignore
    arg [-export-dynamic] ==> ignore
    arg [-dynamic-linker] ==> ignore
    arg [/lib/ld-linux.so.2] ==> ignore
    arg [-o] ==> ignore
    arg [cmTryCompileExec] ==> ignore
    arg [/usr/lib/gcc/i686-pc-linux-gnu/4.3.4/../../../crt1.o] ==> ignore
    arg [/usr/lib/gcc/i686-pc-linux-gnu/4.3.4/../../../crti.o] ==> ignore
    arg [/usr/lib/gcc/i686-pc-linux-gnu/4.3.4/crtbegin.o] ==> ignore
    arg [-L/usr/lib/gcc/i686-pc-linux-gnu/4.3.4] ==> dir [/usr/lib/gcc/i686-pc-linux-gnu/4.3.4]
    arg [-L/usr/lib/gcc/i686-pc-linux-gnu/4.3.4] ==> dir [/usr/lib/gcc/i686-pc-linux-gnu/4.3.4]
    arg [-L/usr/lib/gcc/i686-pc-linux-gnu/4.3.4/../../../../i686-pc-linux-gnu/lib] ==> dir [/usr/lib/gcc/i686-pc-linux-gnu/4.3.4/../../../../i686-pc-linux-gnu/lib]
    arg [-L/usr/lib/gcc/i686-pc-linux-gnu/4.3.4/../../..] ==> dir [/usr/lib/gcc/i686-pc-linux-gnu/4.3.4/../../..]
    arg [CMakeFiles/cmTryCompileExec.dir/CMakeCCompilerABI.c.o] ==> ignore
    arg [-lgcc] ==> lib [gcc]
    arg [--as-needed] ==> ignore
    arg [-lgcc_s] ==> lib [gcc_s]
    arg [--no-as-needed] ==> ignore
    arg [-lc] ==> lib [c]
    arg [-lgcc] ==> lib [gcc]
    arg [--as-needed] ==> ignore
    arg [-lgcc_s] ==> lib [gcc_s]
    arg [--no-as-needed] ==> ignore
    arg [/usr/lib/gcc/i686-pc-linux-gnu/4.3.4/crtend.o] ==> ignore
    arg [/usr/lib/gcc/i686-pc-linux-gnu/4.3.4/../../../crtn.o] ==> ignore
  remove lib [gcc]
  remove lib [gcc_s]
  remove lib [gcc]
  remove lib [gcc_s]
  collapse dir [/usr/lib/gcc/i686-pc-linux-gnu/4.3.4] ==> [/usr/lib/gcc/i686-pc-linux-gnu/4.3.4]
  collapse dir [/usr/lib/gcc/i686-pc-linux-gnu/4.3.4] ==> [/usr/lib/gcc/i686-pc-linux-gnu/4.3.4]
  collapse dir [/usr/lib/gcc/i686-pc-linux-gnu/4.3.4/../../../../i686-pc-linux-gnu/lib] ==> [/usr/i686-pc-linux-gnu/lib]
  collapse dir [/usr/lib/gcc/i686-pc-linux-gnu/4.3.4/../../..] ==> [/usr/lib]
  implicit libs: [c]
  implicit dirs: [/usr/lib/gcc/i686-pc-linux-gnu/4.3.4;/usr/i686-pc-linux-gnu/lib;/usr/lib]


Determining if the CXX compiler works passed with the following output:
Change Dir: /home/tamino/Dokumente/Projekte/Informatik/C++/vjasssdk/wc3lib/lib/wave/qtcreator-build/CMakeFiles/CMakeTmp

Run Build Command:/usr/bin/gmake "cmTryCompileExec/fast"
/usr/bin/gmake -f CMakeFiles/cmTryCompileExec.dir/build.make CMakeFiles/cmTryCompileExec.dir/build
gmake[1]: Entering directory `/home/tamino/Dokumente/Projekte/Informatik/C++/vjasssdk/wc3lib/lib/wave/qtcreator-build/CMakeFiles/CMakeTmp'
/usr/bin/cmake -E cmake_progress_report /home/tamino/Dokumente/Projekte/Informatik/C++/vjasssdk/wc3lib/lib/wave/qtcreator-build/CMakeFiles/CMakeTmp/CMakeFiles 1
Building CXX object CMakeFiles/cmTryCompileExec.dir/testCXXCompiler.cxx.o
/usr/bin/c++     -o CMakeFiles/cmTryCompileExec.dir/testCXXCompiler.cxx.o -c /home/tamino/Dokumente/Projekte/Informatik/C++/vjasssdk/wc3lib/lib/wave/qtcreator-build/CMakeFiles/CMakeTmp/testCXXCompiler.cxx
Linking CXX executable cmTryCompileExec
/usr/bin/cmake -E cmake_link_script CMakeFiles/cmTryCompileExec.dir/link.txt --verbose=1
/usr/bin/c++         CMakeFiles/cmTryCompileExec.dir/testCXXCompiler.cxx.o  -o cmTryCompileExec -rdynamic 
gmake[1]: Leaving directory `/home/tamino/Dokumente/Projekte/Informatik/C++/vjasssdk/wc3lib/lib/wave/qtcreator-build/CMakeFiles/CMakeTmp'


Detecting CXX compiler ABI info compiled with the following output:
Change Dir: /home/tamino/Dokumente/Projekte/Informatik/C++/vjasssdk/wc3lib/lib/wave/qtcreator-build/CMakeFiles/CMakeTmp

Run Build Command:/usr/bin/gmake "cmTryCompileExec/fast"
/usr/bin/gmake -f CMakeFiles/cmTryCompileExec.dir/build.make CMakeFiles/cmTryCompileExec.dir/build
gmake[1]: Entering directory `/home/tamino/Dokumente/Projekte/Informatik/C++/vjasssdk/wc3lib/lib/wave/qtcreator-build/CMakeFiles/CMakeTmp'
/usr/bin/cmake -E cmake_progress_report /home/tamino/Dokumente/Projekte/Informatik/C++/vjasssdk/wc3lib/lib/wave/qtcreator-build/CMakeFiles/CMakeTmp/CMakeFiles 1
Building CXX object CMakeFiles/cmTryCompileExec.dir/CMakeCXXCompilerABI.cpp.o
/usr/bin/c++     -o CMakeFiles/cmTryCompileExec.dir/CMakeCXXCompilerABI.cpp.o -c /usr/share/cmake/Modules/CMakeCXXCompilerABI.cpp
Linking CXX executable cmTryCompileExec
/usr/bin/cmake -E cmake_link_script CMakeFiles/cmTryCompileExec.dir/link.txt --verbose=1
/usr/bin/c++        -v CMakeFiles/cmTryCompileExec.dir/CMakeCXXCompilerABI.cpp.o  -o cmTryCompileExec -rdynamic  
Es werden eingebaute Spezifikationen verwendet.
Ziel: i686-pc-linux-gnu
Konfiguriert mit: /var/tmp/portage/sys-devel/gcc-4.3.4/work/gcc-4.3.4/configure --prefix=/usr --bindir=/usr/i686-pc-linux-gnu/gcc-bin/4.3.4 --includedir=/usr/lib/gcc/i686-pc-linux-gnu/4.3.4/include --datadir=/usr/share/gcc-data/i686-pc-linux-gnu/4.3.4 --mandir=/usr/share/gcc-data/i686-pc-linux-gnu/4.3.4/man --infodir=/usr/share/gcc-data/i686-pc-linux-gnu/4.3.4/info --with-gxx-include-dir=/usr/lib/gcc/i686-pc-linux-gnu/4.3.4/include/g++-v4 --host=i686-pc-linux-gnu --build=i686-pc-linux-gnu --disable-altivec --disable-fixed-point --enable-nls --without-included-gettext --with-system-zlib --disable-checking --disable-werror --enable-secureplt --disable-multilib --enable-libmudflap --disable-libssp --enable-libgomp --enable-java-awt=gtk --with-arch=i686 --enable-languages=c,c++,java,treelang,fortran --enable-shared --enable-threads=posix --enable-__cxa_atexit --enable-clocale=gnu --with-bugurl=http://bugs.gentoo.org/ --with-pkgversion='Gentoo 4.3.4 p1.0, pie-10.1.5'
Thread-Modell: posix
gcc-Version 4.3.4 (Gentoo 4.3.4 p1.0, pie-10.1.5) 
COMPILER_PATH=/usr/libexec/gcc/i686-pc-linux-gnu/4.3.4/:/usr/libexec/gcc/i686-pc-linux-gnu/4.3.4/:/usr/libexec/gcc/i686-pc-linux-gnu/:/usr/lib/gcc/i686-pc-linux-gnu/4.3.4/:/usr/lib/gcc/i686-pc-linux-gnu/:/usr/libexec/gcc/i686-pc-linux-gnu/4.3.4/:/usr/libexec/gcc/i686-pc-linux-gnu/:/usr/lib/gcc/i686-pc-linux-gnu/4.3.4/:/usr/lib/gcc/i686-pc-linux-gnu/:/usr/lib/gcc/i686-pc-linux-gnu/4.3.4/../../../../i686-pc-linux-gnu/bin/
LIBRARY_PATH=/usr/lib/gcc/i686-pc-linux-gnu/4.3.4/:/usr/lib/gcc/i686-pc-linux-gnu/4.3.4/:/usr/lib/gcc/i686-pc-linux-gnu/4.3.4/../../../../i686-pc-linux-gnu/lib/:/usr/lib/gcc/i686-pc-linux-gnu/4.3.4/../../../:/lib/:/usr/lib/
COLLECT_GCC_OPTIONS='-v' '-o' 'cmTryCompileExec' '-rdynamic' '-shared-libgcc' '-mtune=generic' '-march=i686'
 /usr/libexec/gcc/i686-pc-linux-gnu/4.3.4/collect2 --eh-frame-hdr -m elf_i386 -export-dynamic -dynamic-linker /lib/ld-linux.so.2 -o cmTryCompileExec /usr/lib/gcc/i686-pc-linux-gnu/4.3.4/../../../crt1.o /usr/lib/gcc/i686-pc-linux-gnu/4.3.4/../../../crti.o /usr/lib/gcc/i686-pc-linux-gnu/4.3.4/crtbegin.o -L/usr/lib/gcc/i686-pc-linux-gnu/4.3.4 -L/usr/lib/gcc/i686-pc-linux-gnu/4.3.4 -L/usr/lib/gcc/i686-pc-linux-gnu/4.3.4/../../../../i686-pc-linux-gnu/lib -L/usr/lib/gcc/i686-pc-linux-gnu/4.3.4/../../.. CMakeFiles/cmTryCompileExec.dir/CMakeCXXCompilerABI.cpp.o -lstdc++ -lm -lgcc_s -lgcc -lc -lgcc_s -lgcc /usr/lib/gcc/i686-pc-linux-gnu/4.3.4/crtend.o /usr/lib/gcc/i686-pc-linux-gnu/4.3.4/../../../crtn.o
gmake[1]: Leaving directory `/home/tamino/Dokumente/Projekte/Informatik/C++/vjasssdk/wc3lib/lib/wave/qtcreator-build/CMakeFiles/CMakeTmp'


Parsed CXX implicit link information from above output:
  link line regex: [^( *|.*[/\])(ld|ld|collect2)[^/\]*( |$)]
  ignore line: [Change Dir: /home/tamino/Dokumente/Projekte/Informatik/C++/vjasssdk/wc3lib/lib/wave/qtcreator-build/CMakeFiles/CMakeTmp]
  ignore line: []
  ignore line: [Run Build Command:/usr/bin/gmake "cmTryCompileExec/fast"]
  ignore line: [/usr/bin/gmake -f CMakeFiles/cmTryCompileExec.dir/build.make CMakeFiles/cmTryCompileExec.dir/build]
  ignore line: [gmake[1]: Entering directory `/home/tamino/Dokumente/Projekte/Informatik/C++/vjasssdk/wc3lib/lib/wave/qtcreator-build/CMakeFiles/CMakeTmp']
  ignore line: [/usr/bin/cmake -E cmake_progress_report /home/tamino/Dokumente/Projekte/Informatik/C++/vjasssdk/wc3lib/lib/wave/qtcreator-build/CMakeFiles/CMakeTmp/CMakeFiles 1]
  ignore line: [Building CXX object CMakeFiles/cmTryCompileExec.dir/CMakeCXXCompilerABI.cpp.o]
  ignore line: [/usr/bin/c++     -o CMakeFiles/cmTryCompileExec.dir/CMakeCXXCompilerABI.cpp.o -c /usr/share/cmake/Modules/CMakeCXXCompilerABI.cpp]
  ignore line: [Linking CXX executable cmTryCompileExec]
  ignore line: [/usr/bin/cmake -E cmake_link_script CMakeFiles/cmTryCompileExec.dir/link.txt --verbose=1]
  ignore line: [/usr/bin/c++        -v CMakeFiles/cmTryCompileExec.dir/CMakeCXXCompilerABI.cpp.o  -o cmTryCompileExec -rdynamic  ]
  ignore line: [Es werden eingebaute Spezifikationen verwendet.]
  ignore line: [Ziel: i686-pc-linux-gnu]
  ignore line: [Konfiguriert mit: /var/tmp/portage/sys-devel/gcc-4.3.4/work/gcc-4.3.4/configure --prefix=/usr --bindir=/usr/i686-pc-linux-gnu/gcc-bin/4.3.4 --includedir=/usr/lib/gcc/i686-pc-linux-gnu/4.3.4/include --datadir=/usr/share/gcc-data/i686-pc-linux-gnu/4.3.4 --mandir=/usr/share/gcc-data/i686-pc-linux-gnu/4.3.4/man --infodir=/usr/share/gcc-data/i686-pc-linux-gnu/4.3.4/info --with-gxx-include-dir=/usr/lib/gcc/i686-pc-linux-gnu/4.3.4/include/g++-v4 --host=i686-pc-linux-gnu --build=i686-pc-linux-gnu --disable-altivec --disable-fixed-point --enable-nls --without-included-gettext --with-system-zlib --disable-checking --disable-werror --enable-secureplt --disable-multilib --enable-libmudflap --disable-libssp --enable-libgomp --enable-java-awt=gtk --with-arch=i686 --enable-languages=c,c++,java,treelang,fortran --enable-shared --enable-threads=posix --enable-__cxa_atexit --enable-clocale=gnu --with-bugurl=http://bugs.gentoo.org/ --with-pkgversion='Gentoo 4.3.4 p1.0, pie-10.1.5']
  ignore line: [Thread-Modell: posix]
  ignore line: [gcc-Version 4.3.4 (Gentoo 4.3.4 p1.0, pie-10.1.5) ]
  ignore line: [COMPILER_PATH=/usr/libexec/gcc/i686-pc-linux-gnu/4.3.4/:/usr/libexec/gcc/i686-pc-linux-gnu/4.3.4/:/usr/libexec/gcc/i686-pc-linux-gnu/:/usr/lib/gcc/i686-pc-linux-gnu/4.3.4/:/usr/lib/gcc/i686-pc-linux-gnu/:/usr/libexec/gcc/i686-pc-linux-gnu/4.3.4/:/usr/libexec/gcc/i686-pc-linux-gnu/:/usr/lib/gcc/i686-pc-linux-gnu/4.3.4/:/usr/lib/gcc/i686-pc-linux-gnu/:/usr/lib/gcc/i686-pc-linux-gnu/4.3.4/../../../../i686-pc-linux-gnu/bin/]
  ignore line: [LIBRARY_PATH=/usr/lib/gcc/i686-pc-linux-gnu/4.3.4/:/usr/lib/gcc/i686-pc-linux-gnu/4.3.4/:/usr/lib/gcc/i686-pc-linux-gnu/4.3.4/../../../../i686-pc-linux-gnu/lib/:/usr/lib/gcc/i686-pc-linux-gnu/4.3.4/../../../:/lib/:/usr/lib/]
  ignore line: [COLLECT_GCC_OPTIONS='-v' '-o' 'cmTryCompileExec' '-rdynamic' '-shared-libgcc' '-mtune=generic' '-march=i686']
  link line: [ /usr/libexec/gcc/i686-pc-linux-gnu/4.3.4/collect2 --eh-frame-hdr -m elf_i386 -export-dynamic -dynamic-linker /lib/ld-linux.so.2 -o cmTryCompileExec /usr/lib/gcc/i686-pc-linux-gnu/4.3.4/../../../crt1.o /usr/lib/gcc/i686-pc-linux-gnu/4.3.4/../../../crti.o /usr/lib/gcc/i686-pc-linux-gnu/4.3.4/crtbegin.o -L/usr/lib/gcc/i686-pc-linux-gnu/4.3.4 -L/usr/lib/gcc/i686-pc-linux-gnu/4.3.4 -L/usr/lib/gcc/i686-pc-linux-gnu/4.3.4/../../../../i686-pc-linux-gnu/lib -L/usr/lib/gcc/i686-pc-linux-gnu/4.3.4/../../.. CMakeFiles/cmTryCompileExec.dir/CMakeCXXCompilerABI.cpp.o -lstdc++ -lm -lgcc_s -lgcc -lc -lgcc_s -lgcc /usr/lib/gcc/i686-pc-linux-gnu/4.3.4/crtend.o /usr/lib/gcc/i686-pc-linux-gnu/4.3.4/../../../crtn.o]
    arg [/usr/libexec/gcc/i686-pc-linux-gnu/4.3.4/collect2] ==> ignore
    arg [--eh-frame-hdr] ==> ignore
    arg [-m] ==> ignore
    arg [elf_i386] ==> ignore
    arg [-export-dynamic] ==> ignore
    arg [-dynamic-linker] ==> ignore
    arg [/lib/ld-linux.so.2] ==> ignore
    arg [-o] ==> ignore
    arg [cmTryCompileExec] ==> ignore
    arg [/usr/lib/gcc/i686-pc-linux-gnu/4.3.4/../../../crt1.o] ==> ignore
    arg [/usr/lib/gcc/i686-pc-linux-gnu/4.3.4/../../../crti.o] ==> ignore
    arg [/usr/lib/gcc/i686-pc-linux-gnu/4.3.4/crtbegin.o] ==> ignore
    arg [-L/usr/lib/gcc/i686-pc-linux-gnu/4.3.4] ==> dir [/usr/lib/gcc/i686-pc-linux-gnu/4.3.4]
    arg [-L/usr/lib/gcc/i686-pc-linux-gnu/4.3.4] ==> dir [/usr/lib/gcc/i686-pc-linux-gnu/4.3.4]
    arg [-L/usr/lib/gcc/i686-pc-linux-gnu/4.3.4/../../../../i686-pc-linux-gnu/lib] ==> dir [/usr/lib/gcc/i686-pc-linux-gnu/4.3.4/../../../../i686-pc-linux-gnu/lib]
    arg [-L/usr/lib/gcc/i686-pc-linux-gnu/4.3.4/../../..] ==> dir [/usr/lib/gcc/i686-pc-linux-gnu/4.3.4/../../..]
    arg [CMakeFiles/cmTryCompileExec.dir/CMakeCXXCompilerABI.cpp.o] ==> ignore
    arg [-lstdc++] ==> lib [stdc++]
    arg [-lm] ==> lib [m]
    arg [-lgcc_s] ==> lib [gcc_s]
    arg [-lgcc] ==> lib [gcc]
    arg [-lc] ==> lib [c]
    arg [-lgcc_s] ==> lib [gcc_s]
    arg [-lgcc] ==> lib [gcc]
    arg [/usr/lib/gcc/i686-pc-linux-gnu/4.3.4/crtend.o] ==> ignore
    arg [/usr/lib/gcc/i686-pc-linux-gnu/4.3.4/../../../crtn.o] ==> ignore
  remove lib [gcc_s]
  remove lib [gcc]
  remove lib [gcc_s]
  remove lib [gcc]
  collapse dir [/usr/lib/gcc/i686-pc-linux-gnu/4.3.4] ==> [/usr/lib/gcc/i686-pc-linux-gnu/4.3.4]
  collapse dir [/usr/lib/gcc/i686-pc-linux-gnu/4.3.4] ==> [/usr/lib/gcc/i686-pc-linux-gnu/4.3.4]
  collapse dir [/usr/lib/gcc/i686-pc-linux-gnu/4.3.4/../../../../i686-pc-linux-gnu/lib] ==> [/usr/i686-pc-linux-gnu/lib]
  collapse dir [/usr/lib/gcc/i686-pc-linux-gnu/4.3.4/../../..] ==> [/usr/lib]
  implicit libs: [stdc++;m;c]
  implicit dirs: [/usr/lib/gcc/i686-pc-linux-gnu/4.3.4;/usr/i686-pc-linux-gnu/lib;/usr/lib]


